<?xml version="1.0" encoding="UTF-8"?>
<!-- Generated by org.testng.reporters.JUnitReportReporter -->
<testsuite hostname="TASSU" name="TestWebElement" tests="1" failures="0" timestamp="14 Dec 2015 04:52:51 GMT" time="0.950" errors="0">
  <testcase name="testWeb" time="0.950" classname="TestWebElement"/>
</testsuite> <!-- TestWebElement -->
