<?xml version="1.0" encoding="UTF-8"?>
<!-- Generated by org.testng.reporters.JUnitReportReporter -->
<testsuite hostname="TASSU" name="AllSeleniumTest" tests="1" failures="0" timestamp="9 Dec 2015 19:34:50 GMT" time="0.324" errors="0">
  <testcase name="googleSearch" time="0.324" classname="AllSeleniumTest"/>
</testsuite> <!-- AllSeleniumTest -->
