<?xml version="1.0" encoding="UTF-8"?>
<!-- Generated by org.testng.reporters.JUnitReportReporter -->
<testsuite hostname="TASSU" name="DataProviderExample" tests="2" failures="0" timestamp="12 Dec 2015 05:19:15 GMT" time="18.298" errors="0">
  <testcase name="dataProviderOutsideClass" time="8.622" classname="DataProviderExample"/>
  <testcase name="dataProviderOutsideClass" time="9.676" classname="DataProviderExample"/>
</testsuite> <!-- DataProviderExample -->
